Run started on:
	Date: 2016/4/19
	Time: 16:37:15

Reading pqr for region 2 from /home/ncclementi/Documents/pygbe_dev/pygbe/examples/lys/built_parse.pqr

Reading surface 0 from file geometry/Lys1_stern
Time load mesh: 0.386342
Removed areas=0: 0

Reading surface 1 from file geometry/Lys1
Time load mesh: 0.296429
Removed areas=0: 0

Reading surface 2 from file geometry/Lys1_1
Time load mesh: 0.001239
Removed areas=0: 0

Reading surface 3 from file geometry/Lys1_2
Time load mesh: 0.007236
Removed areas=0: 0

Reading surface 4 from file geometry/Lys1_3
Time load mesh: 0.002668
Removed areas=0: 0

Total elements : 30170
Total equations: 60340
----------------------------
5 surfaces:

Surface 0:
	15324 elements
	Surface type       : stern_layer
	Cells              : 139
	Twigs              : 115
	Levels             : 4
	C0 size            : 29.958532
	C0 box center      : -0.481499, 20.911417, 19.102714
	Twig cell size     : 3.744817
	Rbox/theta         : 7.489633
	Analytic distance  : 1.060432
	Elem. per sq Ang   : 2.454591
	Max, min, avg elem.: 1.69393879519, 2.69814751265e-05, 0.407399840078
	Total area         : 6242.995149
Surface 1:
	14398 elements
	Surface type       : dielectric_interface
	Cells              : 119
	Twigs              : 99
	Levels             : 4
	C0 size            : 27.889694
	C0 box center      : -0.736868, 20.940658, 19.297710
	Twig cell size     : 3.486212
	Rbox/theta         : 6.972424
	Analytic distance  : 0.983530
	Elem. per sq Ang   : 2.717397
	Max, min, avg elem.: 1.87423351262, 4.99999999999e-07, 0.367999274344
	Total area         : 5298.453552
Surface 2:
	66 elements
	Surface type       : internal_cavity
	Cells              : 1
	Twigs              : 1
	Levels             : 1
	C0 size            : 1.446584
	C0 box center      : -3.666136, 16.895955, 16.303005
	Twig cell size     : 1.446584
	Rbox/theta         : 2.893168
	Analytic distance  : 0.880462
	Elem. per sq Ang   : 2.953281
	Max, min, avg elem.: 0.893006033144, 0.00105283545723, 0.338606402071
	Total area         : 22.348023
Surface 3:
	312 elements
	Surface type       : internal_cavity
	Cells              : 1
	Twigs              : 1
	Levels             : 1
	C0 size            : 3.694645
	C0 box center      : -0.289302, 11.941265, 17.981452
	Twig cell size     : 3.694645
	Rbox/theta         : 7.389290
	Analytic distance  : 0.821611
	Elem. per sq Ang   : 3.786687
	Max, min, avg elem.: 0.887225569777, 0.00314337565366, 0.264083116304
	Total area         : 82.393932
Surface 4:
	70 elements
	Surface type       : internal_cavity
	Cells              : 1
	Twigs              : 1
	Levels             : 1
	C0 size            : 1.492959
	C0 box center      : 1.680200, 16.586543, 20.228667
	Twig cell size     : 1.492959
	Rbox/theta         : 2.985918
	Analytic distance  : 0.913555
	Elem. per sq Ang   : 2.927740
	Max, min, avg elem.: 0.979911703171, 0.00239158153739, 0.341560379473
	Total area         : 23.909227
----------------------------

6 regions:

Region 0:
	Laplace or Yukawa: 2
	kappa            : 0.125
	dielectric const : 80.0
	Number of charges: 0
	Parent surface   : []
	Child surfaces   : [0]
Region 1:
	Laplace or Yukawa: 1
	kappa            : 1e-12
	dielectric const : 80.0
	Number of charges: 0
	Parent surface   : [0]
	Child surfaces   : [1]
Region 2:
	Laplace or Yukawa: 1
	kappa            : 1e-12
	dielectric const : 4.0
	Number of charges: 1323
	Parent surface   : [1]
	Child surfaces   : [2, 3, 4]
Region 3:
	Laplace or Yukawa: 1
	kappa            : 1e-12
	dielectric const : 80.0
	Number of charges: 0
	Parent surface   : [2]
	Child surfaces   : []
Region 4:
	Laplace or Yukawa: 1
	kappa            : 1e-12
	dielectric const : 80.0
	Number of charges: 0
	Parent surface   : [3]
	Child surfaces   : []
Region 5:
	Laplace or Yukawa: 1
	kappa            : 1e-12
	dielectric const : 80.0
	Number of charges: 0
	Parent surface   : [4]
	Child surfaces   : []
----------------------------

Parameters:
	Data type               : <type 'numpy.float64'>
	Use GPU                 : 1
	P                       : 2
	threshold               : 0.80
	theta                   : 0.50
	NCRIT                   : 500
	CUDA block size         : 128
	Gauss points per element: 1
	Gauss points near singlr: 19
	1D Gauss points per side: 5
	GMRES tolerance         : 0.0001
	GMRES max iterations    : 1000
	GMRES restart iteration : 200
----------------------------

Generate interaction list
Transfer data to GPU
Generate RHS
List time          : 0.213669s
Data transfer time : 0.031740s
RHS generation time: 0.433923s
------------------------------
Total setup time   : 5.025989s

Solve
Analytical integrals: 22 of 30170, 0%
iteration: 1, rel resid: 0.327239443337
iteration: 2, rel resid: 0.267684583016
iteration: 3, rel resid: 0.151626207659
iteration: 4, rel resid: 0.112414969212
iteration: 5, rel resid: 0.0802678222958
iteration: 6, rel resid: 0.0643947981362
iteration: 7, rel resid: 0.0434716035203
iteration: 8, rel resid: 0.0235364972445
iteration: 9, rel resid: 0.0192787927148
iteration: 10, rel resid: 0.013751129183
iteration: 11, rel resid: 0.0108218946712
iteration: 12, rel resid: 0.00909207324907
iteration: 13, rel resid: 0.00774409904357
iteration: 14, rel resid: 0.00642354369292
iteration: 15, rel resid: 0.00520548240184
iteration: 16, rel resid: 0.00409931069539
iteration: 17, rel resid: 0.00326208617355
iteration: 18, rel resid: 0.0028068565303
iteration: 19, rel resid: 0.00242712548665
iteration: 20, rel resid: 0.00212420152494
iteration: 21, rel resid: 0.0018447576188
iteration: 22, rel resid: 0.00164788959357
iteration: 23, rel resid: 0.00143073299882
iteration: 24, rel resid: 0.00128639860458
iteration: 25, rel resid: 0.00119827333914
iteration: 26, rel resid: 0.000989061410143
iteration: 27, rel resid: 0.000656142417501
iteration: 28, rel resid: 0.00057422669087
iteration: 29, rel resid: 0.000472747268171
iteration: 30, rel resid: 0.000327828428511
iteration: 31, rel resid: 0.0002691376273
iteration: 32, rel resid: 0.000223693839839
iteration: 33, rel resid: 0.000195480279701
iteration: 34, rel resid: 0.000167532489182
iteration: 35, rel resid: 0.000140890283578
iteration: 36, rel resid: 0.000100010134836
iteration: 37, rel resid: 8.37533904684e-05
GMRES solve
Converged after 37 iterations to a residual of 8.37533904684e-05
Time weight vector: 1.716794
Time sort         : 0.202433
Time data transfer: 1.648921
Time P2M          : 1.320363
Time M2M          : 0.235580
Time M2P          : 2.612665
Time P2P          : 39.207847
	Time analy: 0.000000
Solve time        : 47.917889s

Calculate Esolv
Calculating solvation energy for region 2, stored in E_solv[0]
4998 of 14846 analytical integrals for phi_reac calculation in region 2
Time Esolv: 0.354481s
Region 2: Esolv = -581.294806 kcal/mol = -2432.137470 kJ/mol

Calculate Esurf
Time Esurf: 0.033156s

Calculate Ecoul
Calculate Coulomb energy for region 2
Region 2: Ecoul = -7858.157982 kcal/mol = -32878.532998 kJ/mol
Time Ecoul: 0.025302s

--------------------------------
Totals:
Esolv = -581.294806 kcal/mol
Esurf = 0.000000 kcal/mol
Ecoul = -7858.157982 kcal/mol

Time = 53.640101 s
